#
# There is insufficient memory for the Java Runtime Environment to continue.
# Native memory allocation (mmap) failed to map 132120576 bytes for G1 virtual space
# Possible reasons:
#   The system is out of physical RAM or swap space
#   The process is running with CompressedOops enabled, and the Java Heap may be blocking the growth of the native heap
# Possible solutions:
#   Reduce memory load on the system
#   Increase physical memory or swap space
#   Check if swap backing store is full
#   Decrease Java heap size (-Xmx/-Xms)
#   Decrease number of Java threads
#   Decrease Java thread stack sizes (-Xss)
#   Set larger code cache with -XX:ReservedCodeCacheSize=
#   JVM is running with Unscaled Compressed Oops mode in which the Java heap is
#     placed in the first 4GB address space. The Java Heap base address is the
#     maximum limit for the native heap growth. Please use -XX:HeapBaseMinAddress
#     to set the Java Heap base and to place the Java Heap above 4GB virtual address.
# This output file may be truncated or incomplete.
#
#  Out of Memory Error (os_windows.cpp:3535), pid=114964, tid=132648
#
# JRE version:  (17.0.4.1+1) (build )
# Java VM: Java HotSpot(TM) 64-Bit Server VM (17.0.4.1+1-LTS-2, mixed mode, emulated-client, sharing, tiered, compressed oops, compressed class ptrs, g1 gc, windows-amd64)
# No core dump will be written. Minidumps are not enabled by default on client versions of Windows
#

---------------  S U M M A R Y ------------

Command Line: -XX:TieredStopAtLevel=1 -Xverify:none -Dspring.output.ansi.enabled=always -Dcom.sun.management.jmxremote -Dspring.jmx.enabled=true -Dspring.liveBeansView.mbeanDomain -Dspring.application.admin.enabled=true -javaagent:C:\Program Files\JetBrains\IntelliJ IDEA 2021.3.2\lib\idea_rt.jar=51963:C:\Program Files\JetBrains\IntelliJ IDEA 2021.3.2\bin -Dfile.encoding=UTF-8 org.lambarki.yassine.walletservice.WalletServiceApplication

Host: 11th Gen Intel(R) Core(TM) i7-1165G7 @ 2.80GHz, 8 cores, 7G,  Windows 11 , 64 bit Build 22000 (10.0.22000.708)
Time: Thu Sep 22 15:57:58 2022 Maroc (heure d64 bit Build 22000 (10.0.22000.708) elapsed time: 0.022933 seconds (0d 0h 0m 0s)

---------------  T H R E A D  ---------------

Current thread (0x000001dd914ecc00):  JavaThread "Unknown thread" [_thread_in_vm, id=132648, stack(0x0000006173f00000,0x0000006174000000)]

Stack: [0x0000006173f00000,0x0000006174000000]
Native frames: (J=compiled Java code, j=interpreted, Vv=VM code, C=native code)
V  [jvm.dll+0x6723ba]
V  [jvm.dll+0x7d1e34]
V  [jvm.dll+0x7d35de]
V  [jvm.dll+0x7d3c43]
V  [jvm.dll+0x243065]
V  [jvm.dll+0x66f2d9]
V  [jvm.dll+0x663c22]
V  [jvm.dll+0x3011cb]
V  [jvm.dll+0x308766]
V  [jvm.dll+0x35846e]
V  [jvm.dll+0x35869f]
V  [jvm.dll+0x2d83e8]
V  [jvm.dll+0x2d9354]
V  [jvm.dll+0x7a3911]
V  [jvm.dll+0x3662c1]
V  [jvm.dll+0x782d7c]
V  [jvm.dll+0x3e8c1f]
V  [jvm.dll+0x3ea6c1]
C  [jli.dll+0x527b]
C  [ucrtbase.dll+0x26c0c]
C  [KERNEL32.DLL+0x154e0]
C  [ntdll.dll+0x485b]


---------------  P R O C E S S  ---------------

Threads class SMR info:
_java_thread_list=0x00007ffc2101a858, length=0, elements={
}

Java Threads: ( => current thread )

Other Threads:
  0x000001dd9154a260 GCTaskThread "GC Thread#0" [stack: 0x0000006174000000,0x0000006174100000] [id=129492]
  0x000001dd9155ab40 ConcurrentGCThread "G1 Main Marker" [stack: 0x0000006174100000,0x0000006174200000] [id=119124]
  0x000001dd9155bbf0 ConcurrentGCThread "G1 Conc#0" [stack: 0x0000006174200000,0x0000006174300000] [id=118788]

[error occurred during error reporting (printing all threads), id 0xc0000005, EXCEPTION_ACCESS_VIOLATION (0xc0000005) at pc=0x00007ffc20868dd7]

VM state: not at safepoint (not fully initialized)

VM Mutex/Monitor currently owned by a thread:  ([mutex/lock_event])
[0x000001dd914e9920] Heap_lock - owner thread: 0x000001dd914ecc00

Heap address: 0x0000000083600000, size: 1994 MB, Compressed Oops mode: 32-bit

CDS archive(s) mapped at: [0x0000000000000000-0x0000000000000000-0x0000000000000000), size 0, SharedBaseAddress: 0x0000000800000000, ArchiveRelocationMode: 0.
Narrow klass base: 0x0000000000000000, Narrow klass shift: 0, Narrow klass range: 0x0

GC Precious Log:
<Empty>

Heap:
 garbage-first heap   total 0K, used 0K [0x0000000083600000, 0x0000000100000000)
  region size 1024K, 0 young (0K), 0 survivors (0K)

[error occurred during error reporting (printing heap information), id 0xc0000005, EXCEPTION_ACCESS_VIOLATION (0xc0000005) at pc=0x00007ffc20c4b869]

GC Heap History (0 events):
No events

Deoptimization events (0 events):
No events

Classes unloaded (0 events):
No events

Classes redefined (0 events):
No events

Internal exceptions (0 events):
No events

VM Operations (0 events):
No events

Events (1 events):
Event: 0.018 Loaded shared library C:\Program Files\Java\jdk-17.0.4.1\bin\java.dll


Dynamic libraries:
0x00007ff714b30000 - 0x00007ff714b40000 	C:\Program Files\Java\jdk-17.0.4.1\bin\java.exe
0x00007ffc88be0000 - 0x00007ffc88de9000 	C:\WINDOWS\SYSTEM32\ntdll.dll
0x00007ffc875c0000 - 0x00007ffc8767d000 	C:\WINDOWS\System32\KERNEL32.DLL
0x00007ffc86410000 - 0x00007ffc8678c000 	C:\WINDOWS\System32\KERNELBASE.dll
0x00007ffc868b0000 - 0x00007ffc869c1000 	C:\WINDOWS\System32\ucrtbase.dll
0x00007ffc45b30000 - 0x00007ffc45b48000 	C:\Program Files\Java\jdk-17.0.4.1\bin\jli.dll
0x00007ffc47cf0000 - 0x00007ffc47d0a000 	C:\Program Files\Java\jdk-17.0.4.1\bin\VCRUNTIME140.dll
0x00007ffc887b0000 - 0x00007ffc8885e000 	C:\WINDOWS\System32\ADVAPI32.dll
0x00007ffc87190000 - 0x00007ffc87233000 	C:\WINDOWS\System32\msvcrt.dll
0x00007ffc88090000 - 0x00007ffc8812e000 	C:\WINDOWS\System32\sechost.dll
0x00007ffc88220000 - 0x00007ffc88340000 	C:\WINDOWS\System32\RPCRT4.dll
0x00007ffc86a40000 - 0x00007ffc86bed000 	C:\WINDOWS\System32\USER32.dll
0x00007ffc634f0000 - 0x00007ffc63795000 	C:\WINDOWS\WinSxS\amd64_microsoft.windows.common-controls_6595b64144ccf1df_6.0.22000.120_none_9d947278b86cc467\COMCTL32.dll
0x00007ffc86090000 - 0x00007ffc860b6000 	C:\WINDOWS\System32\win32u.dll
0x00007ffc878a0000 - 0x00007ffc878c9000 	C:\WINDOWS\System32\GDI32.dll
0x00007ffc86790000 - 0x00007ffc868a9000 	C:\WINDOWS\System32\gdi32full.dll
0x00007ffc860c0000 - 0x00007ffc8615d000 	C:\WINDOWS\System32\msvcp_win.dll
0x00007ffc7de70000 - 0x00007ffc7de7a000 	C:\WINDOWS\SYSTEM32\VERSION.dll
0x00007ffc86f80000 - 0x00007ffc86fb1000 	C:\WINDOWS\System32\IMM32.DLL
0x00007ffc53b70000 - 0x00007ffc53b7c000 	C:\Program Files\Java\jdk-17.0.4.1\bin\vcruntime140_1.dll
0x00007ffc2c470000 - 0x00007ffc2c4fd000 	C:\Program Files\Java\jdk-17.0.4.1\bin\msvcp140.dll
0x00007ffc20580000 - 0x00007ffc21142000 	C:\Program Files\Java\jdk-17.0.4.1\bin\server\jvm.dll
0x00007ffc870d0000 - 0x00007ffc870d8000 	C:\WINDOWS\System32\PSAPI.DLL
0x00007ffc6c0a0000 - 0x00007ffc6c0a9000 	C:\WINDOWS\SYSTEM32\WSOCK32.dll
0x00007ffc7f020000 - 0x00007ffc7f053000 	C:\WINDOWS\SYSTEM32\WINMM.dll
0x00007ffc86bf0000 - 0x00007ffc86c5f000 	C:\WINDOWS\System32\WS2_32.dll
0x00007ffc851b0000 - 0x00007ffc851c8000 	C:\WINDOWS\SYSTEM32\kernel.appcore.dll
0x00007ffc51dc0000 - 0x00007ffc51dca000 	C:\Program Files\Java\jdk-17.0.4.1\bin\jimage.dll
0x00007ffc83c50000 - 0x00007ffc83e71000 	C:\WINDOWS\SYSTEM32\DBGHELP.DLL
0x00007ffc68f40000 - 0x00007ffc68f71000 	C:\WINDOWS\SYSTEM32\dbgcore.DLL
0x00007ffc86220000 - 0x00007ffc8629f000 	C:\WINDOWS\System32\bcryptPrimitives.dll
0x00007ffc30660000 - 0x00007ffc3066e000 	C:\Program Files\Java\jdk-17.0.4.1\bin\instrument.dll
0x00007ffc305e0000 - 0x00007ffc30605000 	C:\Program Files\Java\jdk-17.0.4.1\bin\java.dll

dbghelp: loaded successfully - version: 4.0.5 - missing functions: none
symbol engine: initialized successfully - sym options: 0x614 - pdb path: .;C:\Program Files\Java\jdk-17.0.4.1\bin;C:\WINDOWS\SYSTEM32;C:\WINDOWS\WinSxS\amd64_microsoft.windows.common-controls_6595b64144ccf1df_6.0.22000.120_none_9d947278b86cc467;C:\Program Files\Java\jdk-17.0.4.1\bin\server

VM Arguments:
jvm_args: -XX:TieredStopAtLevel=1 -Xverify:none -Dspring.output.ansi.enabled=always -Dcom.sun.management.jmxremote -Dspring.jmx.enabled=true -Dspring.liveBeansView.mbeanDomain -Dspring.application.admin.enabled=true -javaagent:C:\Program Files\JetBrains\IntelliJ IDEA 2021.3.2\lib\idea_rt.jar=51963:C:\Program Files\JetBrains\IntelliJ IDEA 2021.3.2\bin -Dfile.encoding=UTF-8 
java_command: org.lambarki.yassine.walletservice.WalletServiceApplication
java_class_path (initial): C:\Users\Yassine\Desktop\walletService\target\classes;C:\Users\Yassine\.m2\repository\org\springframework\boot\spring-boot-starter-data-jpa\2.7.3\spring-boot-starter-data-jpa-2.7.3.jar;C:\Users\Yassine\.m2\repository\org\springframework\boot\spring-boot-starter-aop\2.7.3\spring-boot-starter-aop-2.7.3.jar;C:\Users\Yassine\.m2\repository\org\springframework\spring-aop\5.3.22\spring-aop-5.3.22.jar;C:\Users\Yassine\.m2\repository\org\aspectj\aspectjweaver\1.9.7\aspectjweaver-1.9.7.jar;C:\Users\Yassine\.m2\repository\org\springframework\boot\spring-boot-starter-jdbc\2.7.3\spring-boot-starter-jdbc-2.7.3.jar;C:\Users\Yassine\.m2\repository\com\zaxxer\HikariCP\4.0.3\HikariCP-4.0.3.jar;C:\Users\Yassine\.m2\repository\org\springframework\spring-jdbc\5.3.22\spring-jdbc-5.3.22.jar;C:\Users\Yassine\.m2\repository\jakarta\transaction\jakarta.transaction-api\1.3.3\jakarta.transaction-api-1.3.3.jar;C:\Users\Yassine\.m2\repository\jakarta\persistence\jakarta.persistence-api\2.2.3\jakarta.persistence-api-2.2.3.jar;C:\Users\Yassine\.m2\repository\org\hibernate\hibernate-core\5.6.10.Final\hibernate-core-5.6.10.Final.jar;C:\Users\Yassine\.m2\repository\org\jboss\logging\jboss-logging\3.4.3.Final\jboss-logging-3.4.3.Final.jar;C:\Users\Yassine\.m2\repository\net\bytebuddy\byte-buddy\1.12.13\byte-buddy-1.12.13.jar;C:\Users\Yassine\.m2\repository\antlr\antlr\2.7.7\antlr-2.7.7.jar;C:\Users\Yassine\.m2\repository\org\jboss\jandex\2.4.2.Final\jandex-2.4.2.Final.jar;C:\Users\Yassine\.m2\repository\com\fasterxml\classmate\1.5.1\classmate-1.5.1.jar;C:\Users\Yassine\.m2\repository\org\hibernate\common\hibernate-commons-annotations\5.1.2.Final\hibernate-commons-annotations-5.1.2.Final.jar;C:\Users\Yassine\.m2\repository\org\glassfish\jaxb\jaxb-runtime\2.3.6\jaxb-runtime-2.3.6.jar;C:\Users\Yassine\.m2\repository\org\glassfish\jaxb\txw2\2.3.6\txw2-2.3.6.jar;C:\Users\Yassine\.m2\repository\com\sun\istack\istack-commons-runtime\3.0.12\istack-commons-runtime-3.0.12.jar;C:\Us
Launcher Type: SUN_STANDARD

[Global flags]
     intx CICompilerCount                          = 4                                         {product} {ergonomic}
     uint ConcGCThreads                            = 2                                         {product} {ergonomic}
     uint G1ConcRefinementThreads                  = 8                                         {product} {ergonomic}
   size_t G1HeapRegionSize                         = 1048576                                   {product} {ergonomic}
    uintx GCDrainStackTargetSize                   = 64                                        {product} {ergonomic}
   size_t InitialHeapSize                          = 132120576                                 {product} {ergonomic}
     bool ManagementServer                         = true                                      {product} {command line}
   size_t MarkStackSize                            = 4194304                                   {product} {ergonomic}
   size_t MaxHeapSize                              = 2090860544                                {product} {ergonomic}
   size_t MinHeapDeltaBytes                        = 1048576                                   {product} {ergonomic}
   size_t MinHeapSize                              = 8388608                                   {product} {ergonomic}
    uintx NonProfiledCodeHeapSize                  = 0                                      {pd product} {ergonomic}
     bool ProfileInterpreter                       = false                                  {pd product} {command line}
    uintx ProfiledCodeHeapSize                     = 0                                      {pd product} {ergonomic}
   size_t SoftMaxHeapSize                          = 2090860544                             {manageable} {ergonomic}
     intx TieredStopAtLevel                        = 1                                         {product} {command line}
     bool UseCompressedClassPointers               = true                           {product lp64_product} {ergonomic}
     bool UseCompressedOops                        = true                           {product lp64_product} {ergonomic}
     bool UseG1GC                                  = true                                      {product} {ergonomic}
     bool UseLargePagesIndividualAllocation        = false                                  {pd product} {ergonomic}

Logging:
Log output configuration:
 #0: stdout all=warning uptime,level,tags
 #1: stderr all=off uptime,level,tags

Environment Variables:
JAVA_HOME=C:\Program Files\Java\jdk-17.0.4.1
CLASSPATH=.;C:\jade\JADE-bin-4.5.0\jade\lib\jade.jar
PATH=C:\Program Files\Common Files\Oracle\Java\javapath;C:\apache-maven-3.8.4\bin;C:\Program Files\Java\jdk-17.0.4.1\bin;C:\Program Files (x86)\Common Files\Oracle\Java\javapath;C:\WINDOWS\system32;C:\WINDOWS;C:\WINDOWS\System32\Wbem;C:\WINDOWS\System32\WindowsPowerShell\v1.0\;C:\WINDOWS\System32\OpenSSH\;C:\Program Files\nodejs\;C:\Program Files\Git\cmd;C:\Program Files\GTK3-Runtime Win64\bin;C:\laragon\bin\php\php-7.2.19-Win32-VC15-x64;C:\ProgramData\ComposerSetup\bin;C:\Program Files (x86)\dotnet\;C:\Program Files (x86)\AOMEI\AOMEI Backupper\6.9.2;C:\Users\Yassine\AppData\Local\Programs\Python\Python39\Scripts\;C:\Users\Yassine\AppData\Local\Programs\Python\Python39\;C:\Users\Yassine\AppData\Local\Microsoft\WindowsApps;C:\Users\Yassine\AppData\Roaming\npm;C:\Users\Yassine\AppData\Local\Programs\Microsoft VS Code\bin;C:\Program Files\JetBrains\IntelliJ IDEA 2021.3.2\bin;;C:\Program Files\JetBrains\PyCharm 2021.3.2\bin;;C:\Users\Yassine\AppData\Roaming\Composer\vendor\bin
USERNAME=Yassine
OS=Windows_NT
PROCESSOR_IDENTIFIER=Intel64 Family 6 Model 140 Stepping 1, GenuineIntel



---------------  S Y S T E M  ---------------

OS:
 Windows 11 , 64 bit Build 22000 (10.0.22000.708)
OS uptime: 8 days 5:00 hours
Hyper-V role detected

CPU: total 8 (initial active 8) (4 cores per cpu, 2 threads per core) family 6 model 140 stepping 1 microcode 0x86, cx8, cmov, fxsr, ht, mmx, 3dnowpref, sse, sse2, sse3, ssse3, sse4.1, sse4.2, popcnt, lzcnt, tsc, tscinvbit, avx, avx2, aes, erms, clmul, bmi1, bmi2, adx, avx512f, avx512dq, avx512cd, avx512bw, avx512vl, sha, fma, vzeroupper, avx512_vpopcntdq, avx512_vpclmulqdq, avx512_vaes, avx512_vnni, clflush, clflushopt, clwb, avx512_vbmi2, avx512_vbmi, hv

Memory: 4k page, system-wide physical 7975M (140M free)
TotalPageFile size 32551M (AvailPageFile size 121M)
current process WorkingSet (physical memory assigned to process): 10M, peak: 10M
current process commit charge ("private bytes"): 55M, peak: 181M

vm_info: Java HotSpot(TM) 64-Bit Server VM (17.0.4.1+1-LTS-2) for windows-amd64 JRE (17.0.4.1+1-LTS-2), built on Aug 16 2022 18:32:06 by "mach5one" with MS VC++ 16.8 / 16.9 (VS2019)

END.
